2026-01-07 18:35:30,567 INFO o.a.j.u.JMeterUtils: Setting Locale to en_EN
2026-01-07 18:35:30,578 INFO o.a.j.JMeter: Loading user properties from: /opt/homebrew/Cellar/jmeter/5.6.3/libexec/bin/user.properties
2026-01-07 18:35:30,579 INFO o.a.j.JMeter: Loading system properties from: /opt/homebrew/Cellar/jmeter/5.6.3/libexec/bin/system.properties
2026-01-07 18:35:30,581 INFO o.a.j.JMeter: Copyright (c) 1998-2024 The Apache Software Foundation
2026-01-07 18:35:30,581 INFO o.a.j.JMeter: Version 5.6.3
2026-01-07 18:35:30,582 INFO o.a.j.JMeter: java.version=21.0.9
2026-01-07 18:35:30,582 INFO o.a.j.JMeter: java.vm.name=OpenJDK 64-Bit Server VM
2026-01-07 18:35:30,582 INFO o.a.j.JMeter: os.name=Mac OS X
2026-01-07 18:35:30,582 INFO o.a.j.JMeter: os.arch=aarch64
2026-01-07 18:35:30,582 INFO o.a.j.JMeter: os.version=26.2
2026-01-07 18:35:30,582 INFO o.a.j.JMeter: file.encoding=UTF-8
2026-01-07 18:35:30,582 INFO o.a.j.JMeter: java.awt.headless=null
2026-01-07 18:35:30,582 INFO o.a.j.JMeter: Max memory     =1073741824
2026-01-07 18:35:30,582 INFO o.a.j.JMeter: Available Processors =10
2026-01-07 18:35:30,586 INFO o.a.j.JMeter: Default Locale=English (EN)
2026-01-07 18:35:30,586 INFO o.a.j.JMeter: JMeter  Locale=English (EN)
2026-01-07 18:35:30,586 INFO o.a.j.JMeter: JMeterHome=/opt/homebrew/Cellar/jmeter/5.6.3/libexec
2026-01-07 18:35:30,586 INFO o.a.j.JMeter: user.dir  =/Users/dotritrong/Desktop/Capstone/Badminton_Court_Management_System
2026-01-07 18:35:30,587 INFO o.a.j.JMeter: PWD       =/Users/dotritrong/Desktop/Capstone/Badminton_Court_Management_System
2026-01-07 18:35:30,588 INFO o.a.j.JMeter: IP: 127.0.0.1 Name: PARK-3.local FullName: localhost
